2022-10-17 12:39:09,357 INFO using config /home/brent/.config/twarc/config
2022-10-17 12:39:09,357 INFO creating config file: /home/brent/.config/twarc/config
2022-10-17 12:39:09,357 INFO creating config directory: /home/brent/.config/twarc
2022-10-17 12:40:29,546 INFO using config /home/brent/.config/twarc/config
2022-10-17 12:40:29,546 INFO creating HTTP session headers for app auth.
2022-10-17 12:40:29,563 INFO getting ('https://api.twitter.com/2/tweets/search/recent',) {'params': {'expansions': 'author_id,in_reply_to_user_id,referenced_tweets.id,referenced_tweets.id.author_id,entities.mentions.username,attachments.poll_ids,attachments.media_keys,geo.place_id,edit_history_tweet_ids', 'tweet.fields': 'attachments,author_id,context_annotations,conversation_id,created_at,entities,geo,id,in_reply_to_user_id,lang,public_metrics,text,possibly_sensitive,referenced_tweets,reply_settings,source,withheld,edit_controls', 'user.fields': 'created_at,description,entities,id,location,name,pinned_tweet_id,profile_image_url,protected,public_metrics,url,username,verified,withheld', 'media.fields': 'alt_text,duration_ms,height,media_key,preview_image_url,type,url,width,public_metrics', 'poll.fields': 'duration_minutes,end_datetime,id,options,voting_status', 'place.fields': 'contained_within,country,country_code,full_name,geo,id,name,place_type', 'start_time': '2010-01-01T00:00:00+00:00', 'end_time': None, 'query': 'from:rondesantisfl', 'max_results': 100}}
2022-10-17 12:40:29,715 ERROR Unexpected HTTP response: <Response [403]>
2022-10-17 12:41:33,797 INFO using config /home/brent/.config/twarc/config
2022-10-17 12:41:33,797 INFO creating HTTP session headers for app auth.
2022-10-17 12:41:33,802 INFO getting ('https://api.twitter.com/2/tweets/search/recent',) {'params': {'expansions': 'author_id,in_reply_to_user_id,referenced_tweets.id,referenced_tweets.id.author_id,entities.mentions.username,attachments.poll_ids,attachments.media_keys,geo.place_id,edit_history_tweet_ids', 'tweet.fields': 'attachments,author_id,context_annotations,conversation_id,created_at,entities,geo,id,in_reply_to_user_id,lang,public_metrics,text,possibly_sensitive,referenced_tweets,reply_settings,source,withheld,edit_controls', 'user.fields': 'created_at,description,entities,id,location,name,pinned_tweet_id,profile_image_url,protected,public_metrics,url,username,verified,withheld', 'media.fields': 'alt_text,duration_ms,height,media_key,preview_image_url,type,url,width,public_metrics', 'poll.fields': 'duration_minutes,end_datetime,id,options,voting_status', 'place.fields': 'contained_within,country,country_code,full_name,geo,id,name,place_type', 'start_time': '2015-01-01T00:00:00+00:00', 'end_time': None, 'query': 'from:rondesantisfl', 'max_results': 100}}
2022-10-17 12:41:33,953 ERROR Unexpected HTTP response: <Response [403]>
2022-10-17 12:41:53,672 INFO using config /home/brent/.config/twarc/config
2022-10-17 12:41:53,672 INFO creating HTTP session headers for app auth.
2022-10-17 12:41:53,676 INFO getting ('https://api.twitter.com/2/tweets/search/recent',) {'params': {'expansions': 'author_id,in_reply_to_user_id,referenced_tweets.id,referenced_tweets.id.author_id,entities.mentions.username,attachments.poll_ids,attachments.media_keys,geo.place_id,edit_history_tweet_ids', 'tweet.fields': 'attachments,author_id,context_annotations,conversation_id,created_at,entities,geo,id,in_reply_to_user_id,lang,public_metrics,text,possibly_sensitive,referenced_tweets,reply_settings,source,withheld,edit_controls', 'user.fields': 'created_at,description,entities,id,location,name,pinned_tweet_id,profile_image_url,protected,public_metrics,url,username,verified,withheld', 'media.fields': 'alt_text,duration_ms,height,media_key,preview_image_url,type,url,width,public_metrics', 'poll.fields': 'duration_minutes,end_datetime,id,options,voting_status', 'place.fields': 'contained_within,country,country_code,full_name,geo,id,name,place_type', 'start_time': None, 'end_time': None, 'query': 'from:rondesantisfl', 'max_results': 100}}
2022-10-17 12:41:53,829 ERROR Unexpected HTTP response: <Response [403]>
2022-10-17 12:44:13,101 INFO using config /home/brent/.config/twarc/config
2022-10-17 12:44:13,101 INFO creating HTTP session headers for app auth.
2022-10-17 12:44:13,101 INFO creating config file: /home/brent/.config/twarc/config
2022-10-17 12:44:54,132 INFO using config /home/brent/.config/twarc/config
2022-10-17 12:44:54,132 INFO creating HTTP session headers for app auth.
2022-10-17 12:44:54,136 INFO getting ('https://api.twitter.com/2/tweets/search/recent',) {'params': {'expansions': 'author_id,in_reply_to_user_id,referenced_tweets.id,referenced_tweets.id.author_id,entities.mentions.username,attachments.poll_ids,attachments.media_keys,geo.place_id,edit_history_tweet_ids', 'tweet.fields': 'attachments,author_id,context_annotations,conversation_id,created_at,entities,geo,id,in_reply_to_user_id,lang,public_metrics,text,possibly_sensitive,referenced_tweets,reply_settings,source,withheld,edit_controls', 'user.fields': 'created_at,description,entities,id,location,name,pinned_tweet_id,profile_image_url,protected,public_metrics,url,username,verified,withheld', 'media.fields': 'alt_text,duration_ms,height,media_key,preview_image_url,type,url,width,public_metrics', 'poll.fields': 'duration_minutes,end_datetime,id,options,voting_status', 'place.fields': 'contained_within,country,country_code,full_name,geo,id,name,place_type', 'start_time': None, 'end_time': None, 'query': 'from:rondesantisfl', 'max_results': 100}}
2022-10-17 12:44:54,950 INFO archived 1581797315601346561,1581741374088413184,1581733698700947456,1581691012875182080,1581419290166984704,1581392831687450625,1581385674376159232,1581258338263711744,1581258322728001536,1581258290662559744,1580656904606748675,1580656866765701120,1580656836142714881,1580347113816276992,1580347067523690496,1580347041791635456,1579858848990437381,1579858829533405184
2022-10-17 12:44:54,950 INFO No more results for search from:rondesantisfl.
2022-10-17 12:44:59,845 INFO using config /home/brent/.config/twarc/config
2022-10-17 12:44:59,845 INFO creating HTTP session headers for app auth.
2022-10-17 12:44:59,850 INFO getting ('https://api.twitter.com/2/tweets/search/recent',) {'params': {'expansions': 'author_id,in_reply_to_user_id,referenced_tweets.id,referenced_tweets.id.author_id,entities.mentions.username,attachments.poll_ids,attachments.media_keys,geo.place_id,edit_history_tweet_ids', 'tweet.fields': 'attachments,author_id,context_annotations,conversation_id,created_at,entities,geo,id,in_reply_to_user_id,lang,public_metrics,text,possibly_sensitive,referenced_tweets,reply_settings,source,withheld,edit_controls', 'user.fields': 'created_at,description,entities,id,location,name,pinned_tweet_id,profile_image_url,protected,public_metrics,url,username,verified,withheld', 'media.fields': 'alt_text,duration_ms,height,media_key,preview_image_url,type,url,width,public_metrics', 'poll.fields': 'duration_minutes,end_datetime,id,options,voting_status', 'place.fields': 'contained_within,country,country_code,full_name,geo,id,name,place_type', 'start_time': '2015-01-01T00:00:00+00:00', 'end_time': None, 'query': 'from:rondesantisfl', 'max_results': 100}}
2022-10-17 12:45:00,011 ERROR Unexpected HTTP response: <Response [400]>
2022-10-17 12:46:56,071 INFO using config /home/brent/.config/twarc/config
2022-10-17 12:46:56,071 INFO creating HTTP session headers for app auth.
2022-10-17 12:46:56,077 INFO getting ('https://api.twitter.com/2/tweets/search/all',) {'params': {'expansions': 'author_id,in_reply_to_user_id,referenced_tweets.id,referenced_tweets.id.author_id,entities.mentions.username,attachments.poll_ids,attachments.media_keys,geo.place_id,edit_history_tweet_ids', 'tweet.fields': 'attachments,author_id,context_annotations,conversation_id,created_at,entities,geo,id,in_reply_to_user_id,lang,public_metrics,text,possibly_sensitive,referenced_tweets,reply_settings,source,withheld,edit_controls', 'user.fields': 'created_at,description,entities,id,location,name,pinned_tweet_id,profile_image_url,protected,public_metrics,url,username,verified,withheld', 'media.fields': 'alt_text,duration_ms,height,media_key,preview_image_url,type,url,width,public_metrics', 'poll.fields': 'duration_minutes,end_datetime,id,options,voting_status', 'place.fields': 'contained_within,country,country_code,full_name,geo,id,name,place_type', 'start_time': '2015-01-01T00:00:00+00:00', 'end_time': None, 'query': 'from:rondesantisfl', 'max_results': 100}}
2022-10-17 12:46:56,229 ERROR Unexpected HTTP response: <Response [403]>
